{"numFailedTestSuites":0,"numFailedTests":0,"numPassedTestSuites":2,"numPassedTests":21,"numPendingTestSuites":0,"numPendingTests":0,"numRuntimeErrorTestSuites":0,"numTodoTests":0,"numTotalTestSuites":2,"numTotalTests":21,"openHandles":[],"snapshot":{"added":0,"didUpdate":false,"failure":false,"filesAdded":0,"filesRemoved":0,"filesRemovedList":[],"filesUnmatched":0,"filesUpdated":0,"matched":0,"total":0,"unchecked":0,"uncheckedKeysByFile":[],"unmatched":0,"updated":0},"startTime":1730406002512,"success":true,"testResults":[{"assertionResults":[{"ancestorTitles":["shouldShowComments"],"duration":3,"failureDetails":[],"failureMessages":[],"fullName":"shouldShowComments should return false if isShowComments is false","invocations":1,"location":null,"numPassingAsserts":1,"retryReasons":[],"status":"passed","title":"should return false if isShowComments is false"},{"ancestorTitles":["shouldShowComments"],"duration":0,"failureDetails":[],"failureMessages":[],"fullName":"shouldShowComments should return false if postId is not provided","invocations":1,"location":null,"numPassingAsserts":1,"retryReasons":[],"status":"passed","title":"should return false if postId is not provided"},{"ancestorTitles":["shouldShowComments"],"duration":0,"failureDetails":[],"failureMessages":[],"fullName":"shouldShowComments should return true if both isShowComments and postId are provided","invocations":1,"location":null,"numPassingAsserts":1,"retryReasons":[],"status":"passed","title":"should return true if both isShowComments and postId are provided"}],"endTime":1730406004283,"message":"","name":"/Users/yuriipidlisnyi/Documents/programming/web/mi-41-blog/tests/shouldShowComments.spec.ts","startTime":1730406002634,"status":"passed","summary":""},{"assertionResults":[{"ancestorTitles":["transformComments"],"duration":13,"failureDetails":[],"failureMessages":[],"fullName":"transformComments should return an array","invocations":1,"location":null,"numPassingAsserts":1,"retryReasons":[],"status":"passed","title":"should return an array"},{"ancestorTitles":["transformComments"],"duration":1,"failureDetails":[],"failureMessages":[],"fullName":"transformComments should return root-level comments without a parentId","invocations":1,"location":null,"numPassingAsserts":1,"retryReasons":[],"status":"passed","title":"should return root-level comments without a parentId"},{"ancestorTitles":["transformComments"],"duration":0,"failureDetails":[],"failureMessages":[],"fullName":"transformComments should include replies under the parent comment","invocations":1,"location":null,"numPassingAsserts":1,"retryReasons":[],"status":"passed","title":"should include replies under the parent comment"},{"ancestorTitles":["transformComments"],"duration":0,"failureDetails":[],"failureMessages":[],"fullName":"transformComments reply should contain correct author","invocations":1,"location":null,"numPassingAsserts":1,"retryReasons":[],"status":"passed","title":"reply should contain correct author"},{"ancestorTitles":["transformComments"],"duration":0,"failureDetails":[],"failureMessages":[],"fullName":"transformComments should set date in a human-readable format","invocations":1,"location":null,"numPassingAsserts":1,"retryReasons":[],"status":"passed","title":"should set date in a human-readable format"},{"ancestorTitles":["transformComments"],"duration":0,"failureDetails":[],"failureMessages":[],"fullName":"transformComments should maintain nested structure for replies","invocations":1,"location":null,"numPassingAsserts":1,"retryReasons":[],"status":"passed","title":"should maintain nested structure for replies"},{"ancestorTitles":["transformComments"],"duration":1,"failureDetails":[],"failureMessages":[],"fullName":"transformComments should handle empty input","invocations":1,"location":null,"numPassingAsserts":1,"retryReasons":[],"status":"passed","title":"should handle empty input"},{"ancestorTitles":["transformComments"],"duration":0,"failureDetails":[],"failureMessages":[],"fullName":"transformComments should not modify input array","invocations":1,"location":null,"numPassingAsserts":1,"retryReasons":[],"status":"passed","title":"should not modify input array"},{"ancestorTitles":["transformComments"],"duration":0,"failureDetails":[],"failureMessages":[],"fullName":"transformComments root comments should not have a parentId","invocations":1,"location":null,"numPassingAsserts":1,"retryReasons":[],"status":"passed","title":"root comments should not have a parentId"},{"ancestorTitles":["transformComments"],"duration":0,"failureDetails":[],"failureMessages":[],"fullName":"transformComments should handle comments with null avatarUrl","invocations":1,"location":null,"numPassingAsserts":1,"retryReasons":[],"status":"passed","title":"should handle comments with null avatarUrl"},{"ancestorTitles":["transformComments"],"duration":1,"failureDetails":[],"failureMessages":[],"fullName":"transformComments should handle comments without replies","invocations":1,"location":null,"numPassingAsserts":1,"retryReasons":[],"status":"passed","title":"should handle comments without replies"},{"ancestorTitles":["transformComments"],"duration":0,"failureDetails":[],"failureMessages":[],"fullName":"transformComments should include all root-level comments","invocations":1,"location":null,"numPassingAsserts":1,"retryReasons":[],"status":"passed","title":"should include all root-level comments"},{"ancestorTitles":["transformComments"],"duration":0,"failureDetails":[],"failureMessages":[],"fullName":"transformComments should correctly transform backend comments to frontend format","invocations":1,"location":null,"numPassingAsserts":1,"retryReasons":[],"status":"passed","title":"should correctly transform backend comments to frontend format"},{"ancestorTitles":["transformComments"],"duration":0,"failureDetails":[],"failureMessages":[],"fullName":"transformComments should handle deeply nested comments","invocations":1,"location":null,"numPassingAsserts":1,"retryReasons":[],"status":"passed","title":"should handle deeply nested comments"},{"ancestorTitles":["transformComments"],"duration":1,"failureDetails":[],"failureMessages":[],"fullName":"transformComments should retain original content","invocations":1,"location":null,"numPassingAsserts":1,"retryReasons":[],"status":"passed","title":"should retain original content"},{"ancestorTitles":["transformComments"],"duration":0,"failureDetails":[],"failureMessages":[],"fullName":"transformComments should handle multiple comments with the same parentId","invocations":1,"location":null,"numPassingAsserts":1,"retryReasons":[],"status":"passed","title":"should handle multiple comments with the same parentId"},{"ancestorTitles":["transformComments"],"duration":0,"failureDetails":[],"failureMessages":[],"fullName":"transformComments should ignore extra fields in backend data","invocations":1,"location":null,"numPassingAsserts":1,"retryReasons":[],"status":"passed","title":"should ignore extra fields in backend data"},{"ancestorTitles":["transformComments"],"duration":0,"failureDetails":[],"failureMessages":[],"fullName":"transformComments should correctly sort replies by createdAt","invocations":1,"location":null,"numPassingAsserts":1,"retryReasons":[],"status":"passed","title":"should correctly sort replies by createdAt"}],"endTime":1730406005157,"message":"","name":"/Users/yuriipidlisnyi/Documents/programming/web/mi-41-blog/tests/transformComments.spec.ts","startTime":1730406002629,"status":"passed","summary":""}],"wasInterrupted":false}
